The system is: Windows - 10.0.22621 - AMD64
Compiling the C compiler identification source file "CMakeCCompilerId.c" succeeded.
Compiler: D:/MinGW/bin/gcc.exe 
Build flags: 
Id flags:  

The output was:
0


Compilation of the C compiler identification source "CMakeCCompilerId.c" produced "a.exe"

Compiling the C compiler identification source file "CMakeCCompilerId.c" succeeded.
Compiler: D:/MinGW/bin/gcc.exe 
Build flags: 
Id flags: -c 

The output was:
0


Compilation of the C compiler identification source "CMakeCCompilerId.c" produced "CMakeCCompilerId.o"

The C compiler identification is GNU, found in "C:/Users/danie/Desktop/Sdizo_proj_2/cmake-build-debug/CMakeFiles/3.25.2/CompilerIdC/CMakeCCompilerId.o"

Compiling the CXX compiler identification source file "CMakeCXXCompilerId.cpp" succeeded.
Compiler: D:/MinGW/bin/c++.exe 
Build flags: 
Id flags:  

The output was:
0


Compilation of the CXX compiler identification source "CMakeCXXCompilerId.cpp" produced "a.exe"

Compiling the CXX compiler identification source file "CMakeCXXCompilerId.cpp" succeeded.
Compiler: D:/MinGW/bin/c++.exe 
Build flags: 
Id flags: -c 

The output was:
0


Compilation of the CXX compiler identification source "CMakeCXXCompilerId.cpp" produced "CMakeCXXCompilerId.o"

The CXX compiler identification is GNU, found in "C:/Users/danie/Desktop/Sdizo_proj_2/cmake-build-debug/CMakeFiles/3.25.2/CompilerIdCXX/CMakeCXXCompilerId.o"

Determining if the C compiler works passed with the following output:
Change Dir: C:/Users/danie/Desktop/Sdizo_proj_2/cmake-build-debug/CMakeFiles/CMakeScratch/TryCompile-abvuhf

Run Build Command(s):D:/CLion 2023.1.3/bin/ninja/win/x64/ninja.exe cmTC_c0d19 && [1/2] Building C object CMakeFiles/cmTC_c0d19.dir/testCCompiler.c.obj
[2/2] Linking C executable cmTC_c0d19.exe



Determining if the C++ compiler works passed with the following output:
Change Dir: C:/Users/danie/Desktop/Sdizo_proj_2/cmake-build-debug/CMakeFiles/CMakeScratch/TryCompile-p2pt61

Run Build Command(s):D:/CLion 2023.1.3/bin/ninja/win/x64/ninja.exe cmTC_06203 && [1/2] Building CXX object CMakeFiles/cmTC_06203.dir/testCXXCompiler.cxx.obj
[2/2] Linking CXX executable cmTC_06203.exe



